<?xml version="1.0" encoding="UTF-8"?>
<Site BuildName="(empty)"
	BuildStamp="20240604-2021-Experimental"
	Name="grail-desktop-2"
	Generator="ctest-3.23.2"
	CompilerName="/usr/bin/c++"
	CompilerVersion="9.4.0"
	OSName="Linux"
	Hostname="grail-desktop-2"
	OSRelease="5.15.0-105-generic"
	OSVersion="#115~20.04.1-Ubuntu SMP Mon Apr 15 17:33:04 UTC 2024"
	OSPlatform="x86_64"
	Is64Bits="1"
	VendorString="GenuineIntel"
	VendorID="Intel Corporation"
	FamilyID="6"
	ModelID="151"
	ProcessorCacheSize="30720"
	NumberOfLogicalCPU="24"
	NumberOfPhysicalCPU="16"
	TotalVirtualMemory="2047"
	TotalPhysicalMemory="31948"
	LogicalProcessorsPerPhysical="1"
	ProcessorClockFrequency="4895.82"
	>
	<Testing>
		<StartDateTime>Jun 04 16:21 EDT</StartDateTime>
		<StartTestTime>1717532509</StartTestTime>
		<TestList/>
		<EndDateTime>Jun 04 16:21 EDT</EndDateTime>
		<EndTestTime>1717532509</EndTestTime>
		<ElapsedMinutes>0</ElapsedMinutes>
	</Testing>
</Site>
